<?xml version="1.0" encoding="UTF-8"?>
<!-- Generated by org.testng.reporters.JUnitReportReporter -->
<testsuite hostname="SOMNATH-PC" failures="0" tests="3" name="com.qa.opencart.test.Loginpagetest" time="4.593" errors="0" timestamp="2026-02-19T13:14:21 IST" skipped="0">
  <testcase classname="com.qa.opencart.test.Loginpagetest" name="navigateToLoginPage" time="0.952"/>
  <system-out/>
  <testcase classname="com.qa.opencart.test.Loginpagetest" name="checkforgotpwdlink" time="0.127"/>
  <system-out/>
  <testcase classname="com.qa.opencart.test.Loginpagetest" name="checkloginaction" time="3.514"/>
  <system-out/>
</testsuite> <!-- com.qa.opencart.test.Loginpagetest -->
