<?xml version="1.0" encoding="UTF-8"?>
<!-- Generated by org.testng.reporters.JUnitReportReporter -->
<testsuite hostname="SOMNATH-PC" failures="0" tests="3" name="com.qa.opencart.test.Homepagetest" time="2.072" errors="0" timestamp="2026-02-19T13:50:14 IST" skipped="0">
  <testcase classname="com.qa.opencart.test.Homepagetest" name="testSearch" time="1.227"/>
  <system-out/>
  <testcase classname="com.qa.opencart.test.Homepagetest" name="testSearch" time="0.800"/>
  <system-out/>
  <testcase classname="com.qa.opencart.test.Homepagetest" name="testHomePage" time="0.045"/>
  <system-out/>
</testsuite> <!-- com.qa.opencart.test.Homepagetest -->
