<?xml version="1.0" encoding="UTF-8"?>
<!-- Generated by org.testng.reporters.JUnitXMLReporter -->
<testsuite ignored="0" hostname="SOMNATH-PC" failures="0" tests="3" name="Default test" time="26.161" errors="0" timestamp="2026-02-19T13:50:14 IST">
  <testcase classname="com.qa.opencart.test.Homepagetest" name="testHomePage" time="0.045"/>
  <testcase classname="com.qa.opencart.test.Homepagetest" name="testSearch" time="1.227"/>
  <testcase classname="com.qa.opencart.test.Homepagetest" name="testSearch" time="0.8"/>
</testsuite> <!-- Default test -->
