<?xml version="1.0" encoding="UTF-8"?>
<testng-results ignored="0" total="3" passed="3" failed="0" skipped="0">
  <reporter-output>
  </reporter-output>
  <suite started-at="2026-02-19T13:49:47 IST" name="Default suite" finished-at="2026-02-19T13:50:14 IST" duration-ms="26161">
    <groups>
    </groups>
    <test started-at="2026-02-19T13:49:47 IST" name="Default test" finished-at="2026-02-19T13:50:14 IST" duration-ms="26161">
      <class name="com.qa.opencart.test.Homepagetest">
        <test-method is-config="true" signature="setup()[pri:0, instance:com.qa.opencart.test.Homepagetest@235834f2]" started-at="2026-02-19T13:49:47 IST" name="setup" finished-at="2026-02-19T13:50:11 IST" duration-ms="23241" status="PASS">
          <reporter-output>
          </reporter-output>
        </test-method> <!-- setup -->
        <test-method signature="testHomePage()[pri:0, instance:com.qa.opencart.test.Homepagetest@235834f2]" started-at="2026-02-19T13:50:11 IST" name="testHomePage" finished-at="2026-02-19T13:50:11 IST" duration-ms="45" status="PASS">
          <reporter-output>
          </reporter-output>
        </test-method> <!-- testHomePage -->
        <test-method signature="testSearch(java.lang.String)[pri:0, instance:com.qa.opencart.test.Homepagetest@235834f2]" started-at="2026-02-19T13:50:11 IST" name="testSearch" data-provider="getProductData" finished-at="2026-02-19T13:50:12 IST" duration-ms="1227" status="PASS">
          <params>
            <param index="0">
              <value>
                <![CDATA[MacBook]]>
              </value>
            </param>
          </params>
          <reporter-output>
          </reporter-output>
        </test-method> <!-- testSearch -->
        <test-method signature="testSearch(java.lang.String)[pri:0, instance:com.qa.opencart.test.Homepagetest@235834f2]" started-at="2026-02-19T13:50:12 IST" name="testSearch" data-provider="getProductData" finished-at="2026-02-19T13:50:13 IST" duration-ms="800" status="PASS">
          <params>
            <param index="0">
              <value>
                <![CDATA[iphone]]>
              </value>
            </param>
          </params>
          <reporter-output>
          </reporter-output>
        </test-method> <!-- testSearch -->
        <test-method is-config="true" signature="tearDown()[pri:0, instance:com.qa.opencart.test.Homepagetest@235834f2]" started-at="2026-02-19T13:50:13 IST" name="tearDown" finished-at="2026-02-19T13:50:14 IST" duration-ms="539" status="PASS">
          <reporter-output>
          </reporter-output>
        </test-method> <!-- tearDown -->
      </class> <!-- com.qa.opencart.test.Homepagetest -->
    </test> <!-- Default test -->
  </suite> <!-- Default suite -->
</testng-results>
